<?xml version="1.0" encoding="UTF-8"?>
<robot generator="Robot 3.2.2 (Python 3.8.3 on darwin)" generated="20201005 13:50:27.221" rpa="false">
<suite id="s1" name="Test" source="/Users/zdenkomucina/Desktop/RoborFrameworkTest/test.robot">
<test id="s1-t1" name="test">
<kw name="Open Browser" library="Selenium2Library">
<doc>Opens a new browser instance to the given ``url``.</doc>
<arguments>
<arg>${URL}</arg>
<arg>${Browser}</arg>
</arguments>
<msg timestamp="20201005 13:50:27.553" level="INFO">Opening browser 'Chrome' to base url 'https://www.google.com/'.</msg>
<status status="PASS" starttime="20201005 13:50:27.553" endtime="20201005 13:50:32.456"></status>
</kw>
<status status="PASS" starttime="20201005 13:50:27.552" endtime="20201005 13:50:32.457" critical="yes"></status>
</test>
<status status="PASS" starttime="20201005 13:50:27.224" endtime="20201005 13:50:32.459"></status>
</suite>
<statistics>
<total>
<stat pass="1" fail="0">Critical Tests</stat>
<stat pass="1" fail="0">All Tests</stat>
</total>
<tag>
</tag>
<suite>
<stat pass="1" fail="0" id="s1" name="Test">Test</stat>
</suite>
</statistics>
<errors>
</errors>
</robot>
